<?xml version="1.0" encoding="UTF-8"?>
<testng-results ignored="0" total="6" passed="5" failed="1" skipped="0">
  <reporter-output>
  </reporter-output>
  <suite started-at="2023-09-07T22:42:41Z" name="Default suite" finished-at="2023-09-07T22:42:42Z" duration-ms="132">
    <groups>
    </groups>
    <test started-at="2023-09-07T22:42:41Z" name="Default test" finished-at="2023-09-07T22:42:42Z" duration-ms="132">
      <class name="firstTestPackage.FirstTestClass">
        <test-method is-config="true" signature="setup()[pri:0, instance:firstTestPackage.FirstTestClass@68d279ec]" started-at="2023-09-07T22:42:41Z" name="setup" finished-at="2023-09-07T22:42:41Z" duration-ms="10" status="PASS">
          <reporter-output>
          </reporter-output>
        </test-method> <!-- setup -->
        <test-method signature="validateChathamkentWebsite()[pri:1, instance:firstTestPackage.FirstTestClass@68d279ec]" started-at="2023-09-07T22:42:41Z" name="validateChathamkentWebsite" finished-at="2023-09-07T22:42:41Z" duration-ms="8" status="FAIL">
          <exception class="java.lang.AssertionError">
            <message>
              <![CDATA[The website title do not match. expected [Service Chatham-kent] but found [Chatham-kent]]]>
            </message>
            <full-stacktrace>
              <![CDATA[java.lang.AssertionError: The website title do not match. expected [Service Chatham-kent] but found [Chatham-kent]
at org.testng.Assert.fail(Assert.java:96)
at org.testng.Assert.failNotEquals(Assert.java:776)
at org.testng.Assert.assertEqualsImpl(Assert.java:137)
at org.testng.Assert.assertEquals(Assert.java:118)
at org.testng.Assert.assertEquals(Assert.java:453)
at firstTestPackage.FirstTestClass.validateChathamkentWebsite(FirstTestClass.java:15)
at java.base/jdk.internal.reflect.NativeMethodAccessorImpl.invoke0(Native Method)
at java.base/jdk.internal.reflect.NativeMethodAccessorImpl.invoke(NativeMethodAccessorImpl.java:77)
at java.base/jdk.internal.reflect.DelegatingMethodAccessorImpl.invoke(DelegatingMethodAccessorImpl.java:43)
at java.base/java.lang.reflect.Method.invoke(Method.java:568)
at org.testng.internal.MethodInvocationHelper.invokeMethod(MethodInvocationHelper.java:124)
at org.testng.internal.Invoker.invokeMethod(Invoker.java:583)
at org.testng.internal.Invoker.invokeTestMethod(Invoker.java:719)
at org.testng.internal.Invoker.invokeTestMethods(Invoker.java:989)
at org.testng.internal.TestMethodWorker.invokeTestMethods(TestMethodWorker.java:125)
at org.testng.internal.TestMethodWorker.run(TestMethodWorker.java:109)
at org.testng.TestRunner.privateRun(TestRunner.java:648)
at org.testng.TestRunner.run(TestRunner.java:505)
at org.testng.SuiteRunner.runTest(SuiteRunner.java:455)
at org.testng.SuiteRunner.runSequentially(SuiteRunner.java:450)
at org.testng.SuiteRunner.privateRun(SuiteRunner.java:415)
at org.testng.SuiteRunner.run(SuiteRunner.java:364)
at org.testng.SuiteRunnerWorker.runSuite(SuiteRunnerWorker.java:52)
at org.testng.SuiteRunnerWorker.run(SuiteRunnerWorker.java:84)
at org.testng.TestNG.runSuitesSequentially(TestNG.java:1208)
at org.testng.TestNG.runSuitesLocally(TestNG.java:1137)
at org.testng.TestNG.runSuites(TestNG.java:1049)
at org.testng.TestNG.run(TestNG.java:1017)
at org.testng.remote.AbstractRemoteTestNG.run(AbstractRemoteTestNG.java:115)
at org.testng.remote.RemoteTestNG.initAndRun(RemoteTestNG.java:251)
at org.testng.remote.RemoteTestNG.main(RemoteTestNG.java:77)
]]>
            </full-stacktrace>
          </exception> <!-- java.lang.AssertionError -->
          <reporter-output>
          </reporter-output>
        </test-method> <!-- validateChathamkentWebsite -->
        <test-method is-config="true" signature="tearDown()[pri:0, instance:firstTestPackage.FirstTestClass@68d279ec]" started-at="2023-09-07T22:42:41Z" name="tearDown" finished-at="2023-09-07T22:42:41Z" duration-ms="1" status="PASS">
          <reporter-output>
          </reporter-output>
        </test-method> <!-- tearDown -->
        <test-method signature="validateLibraryPortal()[pri:2, instance:firstTestPackage.FirstTestClass@68d279ec]" started-at="2023-09-07T22:42:41Z" name="validateLibraryPortal" finished-at="2023-09-07T22:42:41Z" duration-ms="5" status="PASS">
          <reporter-output>
          </reporter-output>
        </test-method> <!-- validateLibraryPortal -->
        <test-method is-config="true" signature="setup()[pri:0, instance:firstTestPackage.FirstTestClass@68d279ec]" started-at="2023-09-07T22:42:41Z" name="setup" finished-at="2023-09-07T22:42:41Z" duration-ms="0" status="PASS">
          <reporter-output>
          </reporter-output>
        </test-method> <!-- setup -->
        <test-method is-config="true" signature="tearDown()[pri:0, instance:firstTestPackage.FirstTestClass@68d279ec]" started-at="2023-09-07T22:42:41Z" name="tearDown" finished-at="2023-09-07T22:42:41Z" duration-ms="0" status="PASS">
          <reporter-output>
          </reporter-output>
        </test-method> <!-- tearDown -->
        <test-method is-config="true" signature="setup()[pri:0, instance:firstTestPackage.FirstTestClass@68d279ec]" started-at="2023-09-07T22:42:41Z" name="setup" finished-at="2023-09-07T22:42:41Z" duration-ms="1" status="PASS">
          <reporter-output>
          </reporter-output>
        </test-method> <!-- setup -->
        <test-method signature="validateLogIn()[pri:3, instance:firstTestPackage.FirstTestClass@68d279ec]" started-at="2023-09-07T22:42:41Z" name="validateLogIn" finished-at="2023-09-07T22:42:42Z" duration-ms="4" status="PASS">
          <reporter-output>
          </reporter-output>
        </test-method> <!-- validateLogIn -->
        <test-method is-config="true" signature="tearDown()[pri:0, instance:firstTestPackage.FirstTestClass@68d279ec]" started-at="2023-09-07T22:42:42Z" name="tearDown" finished-at="2023-09-07T22:42:42Z" duration-ms="1" status="PASS">
          <reporter-output>
          </reporter-output>
        </test-method> <!-- tearDown -->
        <test-method signature="validateLogIn()[pri:3, instance:firstTestPackage.FirstTestClass@68d279ec]" started-at="2023-09-07T22:42:42Z" name="validateLogIn" finished-at="2023-09-07T22:42:42Z" duration-ms="3" status="PASS">
          <reporter-output>
          </reporter-output>
        </test-method> <!-- validateLogIn -->
        <test-method is-config="true" signature="setup()[pri:0, instance:firstTestPackage.FirstTestClass@68d279ec]" started-at="2023-09-07T22:42:42Z" name="setup" finished-at="2023-09-07T22:42:42Z" duration-ms="0" status="PASS">
          <reporter-output>
          </reporter-output>
        </test-method> <!-- setup -->
        <test-method is-config="true" signature="tearDown()[pri:0, instance:firstTestPackage.FirstTestClass@68d279ec]" started-at="2023-09-07T22:42:42Z" name="tearDown" finished-at="2023-09-07T22:42:42Z" duration-ms="4" status="PASS">
          <reporter-output>
          </reporter-output>
        </test-method> <!-- tearDown -->
        <test-method is-config="true" signature="setup()[pri:0, instance:firstTestPackage.FirstTestClass@68d279ec]" started-at="2023-09-07T22:42:42Z" name="setup" finished-at="2023-09-07T22:42:42Z" duration-ms="1" status="PASS">
          <reporter-output>
          </reporter-output>
        </test-method> <!-- setup -->
        <test-method signature="validateLogIn()[pri:3, instance:firstTestPackage.FirstTestClass@68d279ec]" started-at="2023-09-07T22:42:42Z" name="validateLogIn" finished-at="2023-09-07T22:42:42Z" duration-ms="14" status="PASS">
          <reporter-output>
          </reporter-output>
        </test-method> <!-- validateLogIn -->
        <test-method is-config="true" signature="tearDown()[pri:0, instance:firstTestPackage.FirstTestClass@68d279ec]" started-at="2023-09-07T22:42:42Z" name="tearDown" finished-at="2023-09-07T22:42:42Z" duration-ms="1" status="PASS">
          <reporter-output>
          </reporter-output>
        </test-method> <!-- tearDown -->
        <test-method is-config="true" signature="setup()[pri:0, instance:firstTestPackage.FirstTestClass@68d279ec]" started-at="2023-09-07T22:42:42Z" name="setup" finished-at="2023-09-07T22:42:42Z" duration-ms="1" status="PASS">
          <reporter-output>
          </reporter-output>
        </test-method> <!-- setup -->
        <test-method signature="validateBookWishlistFunctionality()[pri:4, instance:firstTestPackage.FirstTestClass@68d279ec]" started-at="2023-09-07T22:42:42Z" name="validateBookWishlistFunctionality" finished-at="2023-09-07T22:42:42Z" depends-on-methods="firstTestPackage.FirstTestClass.validateLogIn" duration-ms="3" status="PASS">
          <reporter-output>
          </reporter-output>
        </test-method> <!-- validateBookWishlistFunctionality -->
        <test-method is-config="true" signature="tearDown()[pri:0, instance:firstTestPackage.FirstTestClass@68d279ec]" started-at="2023-09-07T22:42:42Z" name="tearDown" finished-at="2023-09-07T22:42:42Z" duration-ms="2" status="PASS">
          <reporter-output>
          </reporter-output>
        </test-method> <!-- tearDown -->
      </class> <!-- firstTestPackage.FirstTestClass -->
    </test> <!-- Default test -->
  </suite> <!-- Default suite -->
</testng-results>
